basil version:  1.8.2g  is running on: ubuntu      
Run commenced on 18/07/26 at 17:26:21

Job number:   1  Reading from the input file INn3A0                          
******************************************************************************

 1. Setup commands -
 ---------------------------------------------------------
  
  LABEL    Basic Indenter problem, Cartesian
  MESH     TYPE=0 NX=32 FAULT=0 AREA=0.05 QUALITY=15
  GEOMETRY XZERO=0.0, XLEN=1.0, YZERO=0.0, YLEN=1.0, &
           NCOMP = 0, IGRAV=4
  VISDENS  SE=3.0
  LAYER    THICKNESS HLENSC=50.0 BDEPSC=0.35 ARGAN=0.0 &
           THRESH=10.0 BRGAN=0.0 RISOST = 0.0628
  BCOND
  LAGRANGE MARKERS
  
  
    2. Timestep commands
    ---------------------------------------------------------
  
  SOLVE    AC = 5.0E-7, ACNL = 5.0E-6, ITSTOP = 1000
  STEPSIZE TYPE=RK, IDT0=40, MPDEF=10
  SAVE     KSAVE=20, TSAVE=0.06
  STOP     KEXIT=100, TEXIT=0.24, IWRITE=200
  
 3. Boundary condition commands -
 ----------------------------------------------------
  
  ON X = 0.0 : UX = 0.0
  ON X = 0.0 : TY = 0.0
  
  ON X = 1.0 : UX = 0.0
  ON X = 1.0 : UY = 0.0
  ON Y = 1.0 : UX = 0.0
  ON Y = 1.0 : UY = 0.0
  
  ON Y = 0.0 : UX = 0.0
  ON Y = 0.0 : UY = 0.0
  
  ON Y = 0.0 FOR X = 0.0 TO 0.25 : UY = 1.0
  
  ON Y = 0.0 FOR X = 0.25 TO 0.5 : UY = 1.0 TO 0.0 : TP = 2
  
 4. Physical Parameter commands
 -----------------------------------------------------------
  
  
 5. Strain marker commands
 -----------------------------------------------------------
  
  MARKERS  ROWS=6, COLS=6, R=0.025, XMIN=0.1, XMAX=0.6, &
            YMIN=0.1,YMAX=0.6
******************************************************************************

Viscosity coefficient, density, and region number settings follow if specified

Boundary Conditions:
  73 nodes set ON X   =    0.000 : UX  =    0.000
  73 nodes set ON X   =    0.000 : TY  =    0.000
  73 nodes set ON X   =    1.000 : UX  =    0.000
  73 nodes set ON X   =    1.000 : UY  =    0.000
  65 nodes set ON Y   =    1.000 : UX  =    0.000
  65 nodes set ON Y   =    1.000 : UY  =    0.000
  65 nodes set ON Y   =    0.000 : UX  =    0.000
  65 nodes set ON Y   =    0.000 : UY  =    0.000
  17 nodes set ON Y   =    0.000 For    0.000 <= X <=    0.250  :  UY =    1.000
  17 nodes set ON Y   =    0.000 For    0.250 <= X <=    0.500  :  UY =    1.000
   tapered to    0.000 using taper function 2


Processing completed successfully for input file: INn3A0                          
******************************************************************************

Input Variables:

NX        =      32  NY        =      36  MESH      =       0
FAULT     =       0  NE        =    2340  NN        =    1239
NMP       =    3578  NUP       =    4817  NBP       =     272
NFP       =       0  NFPF3     =       0  KPBC      =       0
NSM       =      36  NPM       =      80  NRM       =       7
XLEN      =   1.000  YLEN      =   1.000  NCOMP     =       0
                     IGRAV     =       4  HLENSC    =   50.00
                     BDEPSC    =    0.35  RISOST    =    0.06
                     REFLEV    =  100.00
AC        = 0.5E-06  ACNL      = 0.5E-05  WFIT      =  1.0000
                     NITER     =   32619  ITSTOP    =    1000
ARGAN     =    0.00  BRGAN     =    0.00  THRESH    =   10.000000    
                     RHO       =  1.0000
                     RHOG =   0.000  0.000  0.000  0.000  0.000
IOFF      =       0  VELXO     =    0.00  VELYO     =    0.00
                     YLDSTR    =    0.00
IDEFTYP   =       0  BANGL     =   0.000  ERA       =   0.000
                     TILTDEG   =   0.000  NDFORM    =       0
                     DEFV =    0.00   0.00   0.00   0.00   0.00
SE        =    3.00  VC        =    1.00  IVV       =       3
GAMMA     =    0.00  BETA      =    0.00
SHAPELIM  =   1.010  SEGLIM    =   0.000  ANGLIM    =   5.000
ILAG      =       2
KEXIT     =     100  TEXIT     =   0.240  IWRITE    =     200
TSAVE     =  0.0600  KSAVE     =      20  NEGTIM    =       1
IDATA     =       0
ITIMETYPE =       2  IDT0      =      40  MPDEF     =      10
ICR       =       2  IDEN      =       0  IMREG     =       0
MFIXFLAG  =       0  IGRID     =   65535
IDENMOD   =       0
IBCMOD    =       0  INDFIX    =       0  OMTOT     =    0.00
                     BCV =   0.000  0.000  0.000  0.000  0.000
IRHEOMOD  =       0 RHEO(1) =    0.00 RHEO(2) =    0.00
 RHEO(3) =    0.00 RHEO(4) =    0.00 RHEO(5) =    0.00


 viscosity is spatially varying (set from input file) and is non-newtonian, with stress exponent  3.00

******************************************************************************

Saving thickness viscosity marker arrays                                        
      to file FD.sols/debug                           

******************************************************************************

  it     KF      dUo         Urms          dVo         Vrms  
     1   353 -0.17321      0.74579E-01  -1.0000      0.30931    
     2   269  0.58012E-01  0.49029E-01  0.82926E-01  0.28258    
     3   241  0.19757E-01  0.39982E-01  0.41983E-01  0.26853    
     4   227  0.90386E-02  0.35836E-01  0.26542E-01  0.26062    
     5   217  0.46674E-02  0.33713E-01  0.16402E-01  0.25600    
     6   209  0.25668E-02  0.32555E-01  0.10062E-01  0.25324    
     7   200  0.14610E-02  0.31901E-01  0.61616E-02  0.25157    
     8   187  0.84838E-03  0.31522E-01  0.37747E-02  0.25055    
     9   179  0.49838E-03  0.31298E-01  0.23147E-02  0.24993    
    10   163  0.29510E-03  0.31166E-01  0.14199E-02  0.24955    
    11   156  0.17532E-03  0.31086E-01  0.87225E-03  0.24931    
    12   143  0.10445E-03  0.31038E-01  0.53693E-03  0.24916    
    13   127  0.62273E-04  0.31009E-01  0.33060E-03  0.24907    
    14   116  0.37510E-04  0.30992E-01  0.20424E-03  0.24902    
    15   102  0.22623E-04  0.30981E-01  0.12610E-03  0.24898    
    16    94  0.13652E-04  0.30975E-01  0.78387E-04  0.24896    
    17    78  0.89402E-05  0.30971E-01  0.49281E-04  0.24895    
    18    72  0.50764E-05  0.30968E-01  0.30779E-04  0.24894    
    19    62  0.33713E-05  0.30967E-01  0.19434E-04  0.24894    
    20    50  0.24287E-05  0.30966E-01  0.12111E-04  0.24893    
    21    42  0.13632E-05  0.30966E-01  0.72432E-05  0.24893    
    22    12  0.11432E-05  0.30965E-01  0.21797E-05  0.24893    
    23     1  0.60256E-07  0.30965E-01  0.17254E-06  0.24893    
KSTP    TIME ITER   AREA       VOLUME    VISDIS     DVMX   URMS    VRMS    ISET
   0  0.0000   23  1.0000     0.200E-01 0.304E-01   5.908 0.03097 0.24893    0
    XUMAX    YUMAX     UMAX    XVMAX    YVMAX     VMAX   XUVMAX   YUVMAX    UVMAX
   0.3672   0.0972   0.0942   0.0000   0.0000   1.0000   0.0000   0.0000   1.0000
    XMINx    XMINy    XMAXx    XMAXy    YMINx    YMINy    YMAXx    YMAXy
   0.0000   0.0000   1.0000   0.0000   0.0000   0.0000   0.0000   1.0000
    PMINx      PMINy       PMIN      PMAXx      PMAXy       PMAX
    0.00000    0.00000    0.00000    0.00000    0.00000    0.00000
The solution for this step has been written to:                   FD.sols/INn3A0
Mesh condition: SEGMIN =  0.15613E-01 SHAPEMIN =  1.3616     ANGMIN =  29.332    
  it     KF      dUo         Urms          dVo         Vrms  
     1   199 -0.50715E-02  0.31482E-01  0.48036E-02  0.24960    
     2   172  0.12210E-02  0.31604E-01 -0.19492E-02  0.25008    
     3   162  0.61100E-03  0.31665E-01 -0.12292E-02  0.25038    
     4   150  0.30586E-03  0.31702E-01 -0.76004E-03  0.25057    
     5   131  0.15720E-03  0.31724E-01 -0.46600E-03  0.25068    
     6   119  0.82918E-04  0.31739E-01 -0.28556E-03  0.25075    
     7   111  0.44712E-04  0.31748E-01 -0.17520E-03  0.25079    
     8   100  0.24544E-04  0.31753E-01 -0.10761E-03  0.25082    
     9    93  0.13685E-04  0.31757E-01 -0.66509E-04  0.25083    
    10    76  0.77954E-05  0.31759E-01 -0.41602E-04  0.25084    
    11    68  0.43593E-05  0.31760E-01 -0.25581E-04  0.25085    
    12    59  0.25229E-05  0.31761E-01 -0.15351E-04  0.25085    
    13    42 -0.19108E-05  0.31761E-01 -0.87320E-05  0.25085    
    14    20 -0.17196E-05  0.31761E-01 -0.34508E-05  0.25085    
    15     1  0.10501E-06  0.31761E-01 -0.14020E-06  0.25085    
    XMINx    XMINy    XMAXx    XMAXy    YMINx    YMINy    YMAXx    YMAXy
  -0.0000   0.0426   1.0000  -0.0000   0.9062  -0.0000  -0.0000   1.0000
    PMINx      PMINy       PMIN      PMAXx      PMAXy       PMAX
   -0.00000    0.01562    0.00000   -0.00000    0.01562    0.00000
******************************************************************************

     8     1  0.98536E-07  0.31762E-01  0.28199E-06  0.25083    
KSTP    TIME ITER   AREA       VOLUME    VISDIS     DVMX   URMS    VRMS    ISET
   1  0.0156    8 0.99414     0.199E-01 0.306E-01   6.007 0.03176 0.25083    0
    XUMAX    YUMAX     UMAX    XVMAX    YVMAX     VMAX   XUVMAX   YUVMAX    UVMAX
   0.3687   0.1031   0.0966  -0.0000   0.0156   1.0000  -0.0000   0.0156   1.0000
    XMINx    XMINy    XMAXx    XMAXy    YMINx    YMINy    YMAXx    YMAXy
  -0.0000   0.0427   1.0000  -0.0000   0.9062  -0.0000  -0.0000   1.0000
    PMINx      PMINy       PMIN      PMAXx      PMAXy       PMAX
   -0.00000    0.01562    0.00000   -0.00000    0.01562    0.00000
Mesh condition: SEGMIN =  0.15600E-01 SHAPEMIN =  1.3614     ANGMIN =  29.306    
    15     2  0.29334E-06  0.32509E-01  0.51610E-06  0.25280    
    XMINx    XMINy    XMAXx    XMAXy    YMINx    YMINy    YMAXx    YMAXy
  -0.0000   0.0575   1.0000  -0.0000   0.9062  -0.0000  -0.0000   1.0000
    PMINx      PMINy       PMIN      PMAXx      PMAXy       PMAX
   -0.00000    0.03125    0.00000   -0.00000    0.03125    0.00000
******************************************************************************

     7     3 -0.57644E-06  0.32509E-01  0.89461E-06  0.25278    
KSTP    TIME ITER   AREA       VOLUME    VISDIS     DVMX   URMS    VRMS    ISET
   2  0.0312    7 0.98828     0.198E-01 0.308E-01   6.128 0.03251 0.25278    0
    XUMAX    YUMAX     UMAX    XVMAX    YVMAX     VMAX   XUVMAX   YUVMAX    UVMAX
   0.3623   0.1231   0.0985  -0.0000   0.0312   1.0000  -0.0000   0.0312   1.0000
    XMINx    XMINy    XMAXx    XMAXy    YMINx    YMINy    YMAXx    YMAXy
  -0.0000   0.0575   1.0000  -0.0000   0.9062  -0.0000  -0.0000   1.0000
    PMINx      PMINy       PMIN      PMAXx      PMAXy       PMAX
   -0.00000    0.03125    0.00000   -0.00000    0.03125    0.00000
Mesh condition: SEGMIN =  0.15587E-01 SHAPEMIN =  1.3611     ANGMIN =  29.279    
    15     2  0.21991E-06  0.33218E-01  0.46260E-06  0.25481    
    XMINx    XMINy    XMAXx    XMAXy    YMINx    YMINy    YMAXx    YMAXy
  -0.0000   0.0724   1.0000  -0.0000   0.9062  -0.0000  -0.0000   1.0000
    PMINx      PMINy       PMIN      PMAXx      PMAXy       PMAX
   -0.00000    0.04688    0.00000   -0.00000    0.04688    0.00000
******************************************************************************

     7     3 -0.89440E-06  0.33218E-01 -0.79733E-06  0.25479    
KSTP    TIME ITER   AREA       VOLUME    VISDIS     DVMX   URMS    VRMS    ISET
   3  0.0469    7 0.98242     0.196E-01 0.310E-01   6.276 0.03322 0.25479    0
    XUMAX    YUMAX     UMAX    XVMAX    YVMAX     VMAX   XUVMAX   YUVMAX    UVMAX
   0.3639   0.1290   0.1004  -0.0000   0.0469   1.0000  -0.0000   0.0469   1.0000
    XMINx    XMINy    XMAXx    XMAXy    YMINx    YMINy    YMAXx    YMAXy
  -0.0000   0.0724   1.0000  -0.0000   0.9062  -0.0000  -0.0000   1.0000
    PMINx      PMINy       PMIN      PMAXx      PMAXy       PMAX
   -0.00000    0.04688    0.00000   -0.00000    0.04688    0.00000
Mesh condition: SEGMIN =  0.15575E-01 SHAPEMIN =  1.3609     ANGMIN =  29.255    
    15     2  0.14383E-06  0.33790E-01  0.39080E-06  0.25653    
    XMINx    XMINy    XMAXx    XMAXy    YMINx    YMINy    YMAXx    YMAXy
  -0.0000   0.0850   1.0000  -0.0000   0.9062  -0.0000  -0.0000   1.0000
    PMINx      PMINy       PMIN      PMAXx      PMAXy       PMAX
   -0.00000    0.06000    0.00000   -0.00000    0.06000    0.00000
******************************************************************************

     7     1 -0.17793E-06  0.33791E-01 -0.34513E-06  0.25652    
KSTP    TIME ITER   AREA       VOLUME    VISDIS     DVMX   URMS    VRMS    ISET
   4  0.0600    7 0.97750     0.195E-01 0.313E-01   6.486 0.03379 0.25652    0
    XUMAX    YUMAX     UMAX    XVMAX    YVMAX     VMAX   XUVMAX   YUVMAX    UVMAX
   0.3652   0.1340   0.1016  -0.0000   0.0600   1.0000  -0.0000   0.0600   1.0000
    XMINx    XMINy    XMAXx    XMAXy    YMINx    YMINy    YMAXx    YMAXy
  -0.0000   0.0850   1.0000  -0.0000   0.9062  -0.0000  -0.0000   1.0000
    PMINx      PMINy       PMIN      PMAXx      PMAXy       PMAX
   -0.00000    0.06000    0.00000   -0.00000    0.06000    0.00000
The solution for this step has been written to:                   FD.sols/INn3A0
Mesh condition: SEGMIN =  0.15568E-01 SHAPEMIN =  1.3608     ANGMIN =  29.241    
    14     2  0.15499E-06  0.34123E-01  0.38561E-06  0.25757    
    XMINx    XMINy    XMAXx    XMAXy    YMINx    YMINy    YMAXx    YMAXy
  -0.0000   0.0924   1.0000  -0.0000   0.9062  -0.0000  -0.0000   1.0000
    PMINx      PMINy       PMIN      PMAXx      PMAXy       PMAX
   -0.00000    0.06781    0.00000   -0.00000    0.06781    0.00000
******************************************************************************

     5     2 -0.46879E-06  0.34123E-01 -0.84418E-06  0.25757    
KSTP    TIME ITER   AREA       VOLUME    VISDIS     DVMX   URMS    VRMS    ISET
   5  0.0678    5 0.97457     0.195E-01 0.314E-01   6.622 0.03412 0.25757    0
    XUMAX    YUMAX     UMAX    XVMAX    YVMAX     VMAX   XUVMAX   YUVMAX    UVMAX
   0.3582   0.1515   0.1023  -0.0000   0.0678   1.0000  -0.0000   0.0678   1.0000
    XMINx    XMINy    XMAXx    XMAXy    YMINx    YMINy    YMAXx    YMAXy
  -0.0000   0.0924   1.0000  -0.0000   0.9062  -0.0000  -0.0000   1.0000
    PMINx      PMINy       PMIN      PMAXx      PMAXy       PMAX
   -0.00000    0.06781    0.00000   -0.00000    0.06781    0.00000
Mesh condition: SEGMIN =  0.15561E-01 SHAPEMIN =  1.3606     ANGMIN =  29.227    
    14     2  0.15403E-06  0.34449E-01  0.39192E-06  0.25864    
    XMINx    XMINy    XMAXx    XMAXy    YMINx    YMINy    YMAXx    YMAXy
  -0.0000   0.0999   1.0000  -0.0000   0.9062  -0.0000  -0.0000   1.0000
    PMINx      PMINy       PMIN      PMAXx      PMAXy       PMAX
   -0.00000    0.07563    0.00000   -0.00000    0.07563    0.00000
******************************************************************************

     5     2 -0.45089E-06  0.34450E-01 -0.88583E-06  0.25864    
KSTP    TIME ITER   AREA       VOLUME    VISDIS     DVMX   URMS    VRMS    ISET
   6  0.0756    5 0.97164     0.194E-01 0.315E-01   6.767 0.03445 0.25864    0
    XUMAX    YUMAX     UMAX    XVMAX    YVMAX     VMAX   XUVMAX   YUVMAX    UVMAX
   0.3590   0.1546   0.1030  -0.0000   0.0756   1.0000  -0.0000   0.0756   1.0000
    XMINx    XMINy    XMAXx    XMAXy    YMINx    YMINy    YMAXx    YMAXy
  -0.0000   0.0999   1.0000  -0.0000   0.9062  -0.0000  -0.0000   1.0000
    PMINx      PMINy       PMIN      PMAXx      PMAXy       PMAX
   -0.00000    0.07563    0.00000   -0.00000    0.07563    0.00000
Mesh condition: SEGMIN =  0.15554E-01 SHAPEMIN =  1.3605     ANGMIN =  29.213    
    14     2  0.15117E-06  0.34771E-01  0.37587E-06  0.25973    
    XMINx    XMINy    XMAXx    XMAXy    YMINx    YMINy    YMAXx    YMAXy
  -0.0000   0.1074   1.0000  -0.0000   0.9062  -0.0000  -0.0000   1.0000
    PMINx      PMINy       PMIN      PMAXx      PMAXy       PMAX
   -0.00000    0.08344    0.00000   -0.00000    0.08344    0.00000
******************************************************************************

     5     2 -0.45822E-06  0.34771E-01 -0.91205E-06  0.25973    
KSTP    TIME ITER   AREA       VOLUME    VISDIS     DVMX   URMS    VRMS    ISET
   7  0.0834    5 0.96871     0.194E-01 0.316E-01   6.920 0.03477 0.25973    0
    XUMAX    YUMAX     UMAX    XVMAX    YVMAX     VMAX   XUVMAX   YUVMAX    UVMAX
   0.3598   0.1576   0.1037  -0.0000   0.0834   1.0000  -0.0000   0.0834   1.0000
    XMINx    XMINy    XMAXx    XMAXy    YMINx    YMINy    YMAXx    YMAXy
  -0.0000   0.1074   1.0000  -0.0000   0.9062  -0.0000  -0.0000   1.0000
    PMINx      PMINy       PMIN      PMAXx      PMAXy       PMAX
   -0.00000    0.08344    0.00000   -0.00000    0.08344    0.00000
Mesh condition: SEGMIN =  0.15547E-01 SHAPEMIN =  1.3604     ANGMIN =  29.198    
    14     2  0.16458E-06  0.35088E-01  0.39029E-06  0.26083    
    XMINx    XMINy    XMAXx    XMAXy    YMINx    YMINy    YMAXx    YMAXy
  -0.0000   0.1149   1.0000  -0.0000   0.9062  -0.0000  -0.0000   1.0000
    PMINx      PMINy       PMIN      PMAXx      PMAXy       PMAX
   -0.00000    0.09125    0.00000   -0.00000    0.09125    0.00000
******************************************************************************

     5     2 -0.46354E-06  0.35088E-01 -0.92155E-06  0.26083    
KSTP    TIME ITER   AREA       VOLUME    VISDIS     DVMX   URMS    VRMS    ISET
   8  0.0913    5 0.96578     0.193E-01 0.318E-01   7.081 0.03509 0.26083    0
    XUMAX    YUMAX     UMAX    XVMAX    YVMAX     VMAX   XUVMAX   YUVMAX    UVMAX
   0.3606   0.1607   0.1042  -0.0000   0.0913   1.0000  -0.0000   0.0913   1.0000
    XMINx    XMINy    XMAXx    XMAXy    YMINx    YMINy    YMAXx    YMAXy
  -0.0000   0.1149   1.0000  -0.0000   0.9062  -0.0000  -0.0000   1.0000
    PMINx      PMINy       PMIN      PMAXx      PMAXy       PMAX
   -0.00000    0.09125    0.00000   -0.00000    0.09125    0.00000
Mesh condition: SEGMIN =  0.15540E-01 SHAPEMIN =  1.3603     ANGMIN =  29.184    
    14     3  0.22223E-06  0.35399E-01  0.38442E-06  0.26195    
    XMINx    XMINy    XMAXx    XMAXy    YMINx    YMINy    YMAXx    YMAXy
  -0.0000   0.1223   1.0000  -0.0000   0.9062  -0.0000  -0.0000   1.0000
    PMINx      PMINy       PMIN      PMAXx      PMAXy       PMAX
   -0.00000    0.09906    0.00000   -0.00000    0.09906    0.00000
******************************************************************************

     5     3 -0.57484E-06  0.35400E-01 -0.98872E-06  0.26194    
KSTP    TIME ITER   AREA       VOLUME    VISDIS     DVMX   URMS    VRMS    ISET
   9  0.0991    5 0.96285     0.193E-01 0.319E-01   7.251 0.03540 0.26194    0
    XUMAX    YUMAX     UMAX    XVMAX    YVMAX     VMAX   XUVMAX   YUVMAX    UVMAX
   0.3614   0.1638   0.1047  -0.0000   0.0991   1.0000  -0.0000   0.0991   1.0000
    XMINx    XMINy    XMAXx    XMAXy    YMINx    YMINy    YMAXx    YMAXy
  -0.0000   0.1223   1.0000  -0.0000   0.9062  -0.0000  -0.0000   1.0000
    PMINx      PMINy       PMIN      PMAXx      PMAXy       PMAX
   -0.00000    0.09906    0.00000   -0.00000    0.09906    0.00000
Mesh condition: SEGMIN =  0.15533E-01 SHAPEMIN =  1.3601     ANGMIN =  29.169    
    14     5 -0.32689E-06  0.35707E-01 -0.43218E-06  0.26308    
    XMINx    XMINy    XMAXx    XMAXy    YMINx    YMINy    YMAXx    YMAXy
  -0.0000   0.1298   1.0000  -0.0000   0.9062  -0.0000  -0.0000   1.0000
    PMINx      PMINy       PMIN      PMAXx      PMAXy       PMAX
   -0.00000    0.10688    0.00000   -0.00000    0.10688    0.00000
******************************************************************************

     6     1 -0.14227E-06  0.35707E-01 -0.22656E-06  0.26308    
KSTP    TIME ITER   AREA       VOLUME    VISDIS     DVMX   URMS    VRMS    ISET
  10  0.1069    6 0.95992     0.192E-01 0.320E-01   7.430 0.03571 0.26308    0
    XUMAX    YUMAX     UMAX    XVMAX    YVMAX     VMAX   XUVMAX   YUVMAX    UVMAX
   0.3543   0.1810   0.1053  -0.0000   0.1069   1.0000  -0.0000   0.1069   1.0000
    XMINx    XMINy    XMAXx    XMAXy    YMINx    YMINy    YMAXx    YMAXy
  -0.0000   0.1298   1.0000  -0.0000   0.9062  -0.0000  -0.0000   1.0000
    PMINx      PMINy       PMIN      PMAXx      PMAXy       PMAX
   -0.00000    0.10688    0.00000   -0.00000    0.10688    0.00000
Mesh condition: SEGMIN =  0.15526E-01 SHAPEMIN =  1.3600     ANGMIN =  29.154    
    14     5  0.31836E-06  0.36010E-01 -0.39069E-06  0.26423    
    XMINx    XMINy    XMAXx    XMAXy    YMINx    YMINy    YMAXx    YMAXy
  -0.0000   0.1373   1.0000  -0.0000   0.9062  -0.0000  -0.0000   1.0000
    PMINx      PMINy       PMIN      PMAXx      PMAXy       PMAX
   -0.00000    0.11469    0.00000   -0.00000    0.11469    0.00000
******************************************************************************

     5     3 -0.60007E-06  0.36011E-01 -0.10649E-05  0.26423    
KSTP    TIME ITER   AREA       VOLUME    VISDIS     DVMX   URMS    VRMS    ISET
  11  0.1147    5 0.95699     0.191E-01 0.321E-01   7.617 0.03601 0.26423    0
    XUMAX    YUMAX     UMAX    XVMAX    YVMAX     VMAX   XUVMAX   YUVMAX    UVMAX
   0.3551   0.1841   0.1059  -0.0000   0.1147   1.0000  -0.0000   0.1147   1.0000
    XMINx    XMINy    XMAXx    XMAXy    YMINx    YMINy    YMAXx    YMAXy
  -0.0000   0.1373   1.0000  -0.0000   0.9062  -0.0000  -0.0000   1.0000
    PMINx      PMINy       PMIN      PMAXx      PMAXy       PMAX
   -0.00000    0.11469    0.00000   -0.00000    0.11469    0.00000
Mesh condition: SEGMIN =  0.15521E-01 SHAPEMIN =  1.3599     ANGMIN =  29.144    
    13    13 -0.11330E-05  0.36214E-01 -0.12165E-05  0.26501    
    XMINx    XMINy    XMAXx    XMAXy    YMINx    YMINy    YMAXx    YMAXy
  -0.0000   0.1424   1.0000  -0.0000   0.9062  -0.0000  -0.0000   1.0000
    PMINx      PMINy       PMIN      PMAXx      PMAXy       PMAX
   -0.00000    0.12000    0.00000   -0.00000    0.12000    0.00000
******************************************************************************

     4     3 -0.51673E-06  0.36214E-01 -0.94438E-06  0.26501    
KSTP    TIME ITER   AREA       VOLUME    VISDIS     DVMX   URMS    VRMS    ISET
  12  0.1200    4 0.95500     0.191E-01 0.322E-01   7.750 0.03621 0.26501    0
    XUMAX    YUMAX     UMAX    XVMAX    YVMAX     VMAX   XUVMAX   YUVMAX    UVMAX
   0.3556   0.1862   0.1062  -0.0000   0.1200   1.0000  -0.0000   0.1200   1.0000
    XMINx    XMINy    XMAXx    XMAXy    YMINx    YMINy    YMAXx    YMAXy
  -0.0000   0.1424   1.0000  -0.0000   0.9062  -0.0000  -0.0000   1.0000
    PMINx      PMINy       PMIN      PMAXx      PMAXy       PMAX
   -0.00000    0.12000    0.00000   -0.00000    0.12000    0.00000
The solution for this step has been written to:                   FD.sols/INn3A0
Mesh condition: SEGMIN =  0.15513E-01 SHAPEMIN =  1.3409     ANGMIN =  29.129    
    14     6 -0.41852E-06  0.36510E-01 -0.44376E-06  0.26619    
    XMINx    XMINy    XMAXx    XMAXy    YMINx    YMINy    YMAXx    YMAXy
  -0.0000   0.1499   1.0000  -0.0000   0.9062  -0.0000  -0.0000   1.0000
    PMINx      PMINy       PMIN      PMAXx      PMAXy       PMAX
   -0.00000    0.12781    0.00000   -0.00000    0.12781    0.00000
******************************************************************************

     5     3 -0.56349E-06  0.36511E-01 -0.10547E-05  0.26619    
KSTP    TIME ITER   AREA       VOLUME    VISDIS     DVMX   URMS    VRMS    ISET
  13  0.1278    5 0.95207     0.190E-01 0.324E-01   7.954 0.03651 0.26619    0
    XUMAX    YUMAX     UMAX    XVMAX    YVMAX     VMAX   XUVMAX   YUVMAX    UVMAX
   0.3565   0.1894   0.1066  -0.0000   0.1278   1.0000  -0.0000   0.1278   1.0000
    XMINx    XMINy    XMAXx    XMAXy    YMINx    YMINy    YMAXx    YMAXy
  -0.0000   0.1499   1.0000  -0.0000   0.9062  -0.0000  -0.0000   1.0000
    PMINx      PMINy       PMIN      PMAXx      PMAXy       PMAX
   -0.00000    0.12781    0.00000   -0.00000    0.12781    0.00000
Mesh condition: SEGMIN =  0.15506E-01 SHAPEMIN =  1.3196     ANGMIN =  29.114    
    14    12 -0.10449E-05  0.36803E-01 -0.10386E-05  0.26738    
    XMINx    XMINy    XMAXx    XMAXy    YMINx    YMINy    YMAXx    YMAXy
  -0.0000   0.1574   1.0000  -0.0000   0.9062  -0.0000  -0.0000   1.0000
    PMINx      PMINy       PMIN      PMAXx      PMAXy       PMAX
   -0.00000    0.13563    0.00000   -0.00000    0.13563    0.00000
******************************************************************************

     5     3 -0.57943E-06  0.36804E-01 -0.99868E-06  0.26737    
KSTP    TIME ITER   AREA       VOLUME    VISDIS     DVMX   URMS    VRMS    ISET
  14  0.1356    5 0.94914     0.190E-01 0.325E-01   8.168 0.03680 0.26737    0
    XUMAX    YUMAX     UMAX    XVMAX    YVMAX     VMAX   XUVMAX   YUVMAX    UVMAX
   0.3494   0.2072   0.1070  -0.0000   0.1356   1.0000  -0.0000   0.1356   1.0000
    XMINx    XMINy    XMAXx    XMAXy    YMINx    YMINy    YMAXx    YMAXy
  -0.0000   0.1574   1.0000  -0.0000   0.9062  -0.0000  -0.0000   1.0000
    PMINx      PMINy       PMIN      PMAXx      PMAXy       PMAX
   -0.00000    0.13563    0.00000   -0.00000    0.13563    0.00000
Mesh condition: SEGMIN =  0.15498E-01 SHAPEMIN =  1.2977     ANGMIN =  29.098    
    14    13 -0.11200E-05  0.37092E-01 -0.11609E-05  0.26858    
    XMINx    XMINy    XMAXx    XMAXy    YMINx    YMINy    YMAXx    YMAXy
  -0.0000   0.1649   1.0000  -0.0000   0.9062  -0.0000  -0.0000   1.0000
    PMINx      PMINy       PMIN      PMAXx      PMAXy       PMAX
   -0.00000    0.14344    0.00000   -0.00000    0.14344    0.00000
******************************************************************************

     5     3 -0.54123E-06  0.37092E-01 -0.91355E-06  0.26858    
KSTP    TIME ITER   AREA       VOLUME    VISDIS     DVMX   URMS    VRMS    ISET
  15  0.1434    5 0.94621     0.189E-01 0.326E-01   8.392 0.03709 0.26858    0
    XUMAX    YUMAX     UMAX    XVMAX    YVMAX     VMAX   XUVMAX   YUVMAX    UVMAX
   0.3502   0.2104   0.1075  -0.0000   0.1434   1.0000  -0.0000   0.1434   1.0000
    XMINx    XMINy    XMAXx    XMAXy    YMINx    YMINy    YMAXx    YMAXy
  -0.0000   0.1649   1.0000  -0.0000   0.9062  -0.0000  -0.0000   1.0000
    PMINx      PMINy       PMIN      PMAXx      PMAXy       PMAX
   -0.00000    0.14344    0.00000   -0.00000    0.14344    0.00000
Mesh condition: SEGMIN =  0.15490E-01 SHAPEMIN =  1.2755     ANGMIN =  29.083    
    14    12 -0.10477E-05  0.37377E-01 -0.10787E-05  0.26979    
    XMINx    XMINy    XMAXx    XMAXy    YMINx    YMINy    YMAXx    YMAXy
  -0.0000   0.1724   1.0000  -0.0000   0.9062  -0.0000  -0.0000   1.0000
    PMINx      PMINy       PMIN      PMAXx      PMAXy       PMAX
   -0.00000    0.15125    0.00000   -0.00000    0.15125    0.00000
******************************************************************************

     5     3 -0.50302E-06  0.37378E-01 -0.85139E-06  0.26979    
KSTP    TIME ITER   AREA       VOLUME    VISDIS     DVMX   URMS    VRMS    ISET
  16  0.1513    5 0.94328     0.189E-01 0.328E-01   8.628 0.03738 0.26979    0
    XUMAX    YUMAX     UMAX    XVMAX    YVMAX     VMAX   XUVMAX   YUVMAX    UVMAX
   0.3511   0.2137   0.1080  -0.0000   0.1513   1.0000  -0.0000   0.1513   1.0000
    XMINx    XMINy    XMAXx    XMAXy    YMINx    YMINy    YMAXx    YMAXy
  -0.0000   0.1724   1.0000  -0.0000   0.9062  -0.0000  -0.0000   1.0000
    PMINx      PMINy       PMIN      PMAXx      PMAXy       PMAX
   -0.00000    0.15125    0.00000   -0.00000    0.15125    0.00000
Mesh condition: SEGMIN =  0.15483E-01 SHAPEMIN =  1.2534     ANGMIN =  29.067    
    14    14 -0.11941E-05  0.37659E-01 -0.12731E-05  0.27102    
    XMINx    XMINy    XMAXx    XMAXy    YMINx    YMINy    YMAXx    YMAXy
  -0.0000   0.1799   1.0000  -0.0000   0.9062  -0.0000  -0.0000   1.0000
    PMINx      PMINy       PMIN      PMAXx      PMAXy       PMAX
   -0.00000    0.15906    0.00000   -0.00000    0.15906    0.00000
******************************************************************************

     5     4 -0.60732E-06  0.37660E-01 -0.99870E-06  0.27102    
KSTP    TIME ITER   AREA       VOLUME    VISDIS     DVMX   URMS    VRMS    ISET
  17  0.1591    5 0.94035     0.188E-01 0.329E-01   8.877 0.03766 0.27102    0
    XUMAX    YUMAX     UMAX    XVMAX    YVMAX     VMAX   XUVMAX   YUVMAX    UVMAX
   0.3519   0.2169   0.1082  -0.0000   0.1591   1.0000  -0.0000   0.1591   1.0000
    XMINx    XMINy    XMAXx    XMAXy    YMINx    YMINy    YMAXx    YMAXy
  -0.0000   0.1799   1.0000  -0.0000   0.9062  -0.0000  -0.0000   1.0000
    PMINx      PMINy       PMIN      PMAXx      PMAXy       PMAX
   -0.00000    0.15906    0.00000   -0.00000    0.15906    0.00000
Mesh condition: SEGMIN =  0.15475E-01 SHAPEMIN =  1.2316     ANGMIN =  28.049    
    15     1 -0.66718E-07  0.37938E-01 -0.10591E-06  0.27226    
    XMINx    XMINy    XMAXx    XMAXy    YMINx    YMINy    YMAXx    YMAXy
  -0.0000   0.1874   1.0000  -0.0000   0.9062  -0.0000  -0.0000   1.0000
    PMINx      PMINy       PMIN      PMAXx      PMAXy       PMAX
   -0.00000    0.16688    0.00000   -0.00000    0.16688    0.00000
******************************************************************************

     5     4 -0.65946E-06  0.37938E-01 -0.99016E-06  0.27226    
KSTP    TIME ITER   AREA       VOLUME    VISDIS     DVMX   URMS    VRMS    ISET
  18  0.1669    5 0.93742     0.187E-01 0.330E-01   9.139 0.03794 0.27226    0
    XUMAX    YUMAX     UMAX    XVMAX    YVMAX     VMAX   XUVMAX   YUVMAX    UVMAX
   0.3447   0.2341   0.1086  -0.0000   0.1669   1.0000  -0.0000   0.1669   1.0000
    XMINx    XMINy    XMAXx    XMAXy    YMINx    YMINy    YMAXx    YMAXy
  -0.0000   0.1874   1.0000  -0.0000   0.9062  -0.0000  -0.0000   1.0000
    PMINx      PMINy       PMIN      PMAXx      PMAXy       PMAX
   -0.00000    0.16688    0.00000   -0.00000    0.16688    0.00000
Mesh condition: SEGMIN =  0.15467E-01 SHAPEMIN =  1.2104     ANGMIN =  26.007    
    15     1 -0.83231E-07  0.38213E-01 -0.10630E-06  0.27351    
    XMINx    XMINy    XMAXx    XMAXy    YMINx    YMINy    YMAXx    YMAXy
  -0.0000   0.1949   1.0000  -0.0000   0.9062  -0.0000  -0.0000   1.0000
    PMINx      PMINy       PMIN      PMAXx      PMAXy       PMAX
   -0.00000    0.17469    0.00000   -0.00000    0.17469    0.00000
******************************************************************************

     5     4 -0.71158E-06  0.38214E-01 -0.98703E-06  0.27351    
KSTP    TIME ITER   AREA       VOLUME    VISDIS     DVMX   URMS    VRMS    ISET
  19  0.1747    5 0.93449     0.187E-01 0.332E-01   9.415 0.03821 0.27351    0
    XUMAX    YUMAX     UMAX    XVMAX    YVMAX     VMAX   XUVMAX   YUVMAX    UVMAX
   0.3455   0.2374   0.1091  -0.0000   0.1747   1.0000  -0.0000   0.1747   1.0000
    XMINx    XMINy    XMAXx    XMAXy    YMINx    YMINy    YMAXx    YMAXy
  -0.0000   0.1949   1.0000  -0.0000   0.9062  -0.0000  -0.0000   1.0000
    PMINx      PMINy       PMIN      PMAXx      PMAXy       PMAX
   -0.00000    0.17469    0.00000   -0.00000    0.17469    0.00000
Mesh condition: SEGMIN =  0.15462E-01 SHAPEMIN =  1.1964     ANGMIN =  24.662    
    14     1  0.66691E-07  0.38398E-01 -0.11871E-06  0.27436    
    XMINx    XMINy    XMAXx    XMAXy    YMINx    YMINy    YMAXx    YMAXy
  -0.0000   0.2001   1.0000  -0.0000   0.9062  -0.0000  -0.0000   1.0000
    PMINx      PMINy       PMIN      PMAXx      PMAXy       PMAX
   -0.00000    0.18000    0.00000   -0.00000    0.18000    0.00000
******************************************************************************

     4     3 -0.51800E-06  0.38399E-01 -0.79564E-06  0.27436    
KSTP    TIME ITER   AREA       VOLUME    VISDIS     DVMX   URMS    VRMS    ISET
  20  0.1800    4 0.93250     0.186E-01 0.333E-01   9.612 0.03840 0.27436    0
    XUMAX    YUMAX     UMAX    XVMAX    YVMAX     VMAX   XUVMAX   YUVMAX    UVMAX
   0.3461   0.2396   0.1093  -0.0000   0.1800   1.0000  -0.0000   0.1800   1.0000
    XMINx    XMINy    XMAXx    XMAXy    YMINx    YMINy    YMAXx    YMAXy
  -0.0000   0.2001   1.0000  -0.0000   0.9062  -0.0000  -0.0000   1.0000
    PMINx      PMINy       PMIN      PMAXx      PMAXy       PMAX
   -0.00000    0.18000    0.00000   -0.00000    0.18000    0.00000
The solution for this step has been written to:                   FD.sols/INn3A0
Mesh condition: SEGMIN =  0.15454E-01 SHAPEMIN =  1.1766     ANGMIN =  22.739    
    15     1 -0.70433E-07  0.38668E-01 -0.11616E-06  0.27564    
    XMINx    XMINy    XMAXx    XMAXy    YMINx    YMINy    YMAXx    YMAXy
  -0.0000   0.2076   1.0000  -0.0000   0.9062  -0.0000  -0.0000   1.0000
    PMINx      PMINy       PMIN      PMAXx      PMAXy       PMAX
   -0.00000    0.18781    0.00000   -0.00000    0.18781    0.00000
******************************************************************************

     5     4 -0.74134E-06  0.38669E-01 -0.10204E-05  0.27563    
KSTP    TIME ITER   AREA       VOLUME    VISDIS     DVMX   URMS    VRMS    ISET
  21  0.1878    5 0.92957     0.186E-01 0.334E-01   9.915 0.03867 0.27563    0
    XUMAX    YUMAX     UMAX    XVMAX    YVMAX     VMAX   XUVMAX   YUVMAX    UVMAX
   0.3469   0.2430   0.1096  -0.0000   0.1878   1.0000  -0.0000   0.1878   1.0000
    XMINx    XMINy    XMAXx    XMAXy    YMINx    YMINy    YMAXx    YMAXy
  -0.0000   0.2076   1.0000  -0.0000   0.9062  -0.0000  -0.0000   1.0000
    PMINx      PMINy       PMIN      PMAXx      PMAXy       PMAX
   -0.00000    0.18781    0.00000   -0.00000    0.18781    0.00000
Mesh condition: SEGMIN =  0.15445E-01 SHAPEMIN =  1.1579     ANGMIN =  20.906    
    15     1 -0.74031E-07  0.38935E-01 -0.12852E-06  0.27692    
    XMINx    XMINy    XMAXx    XMAXy    YMINx    YMINy    YMAXx    YMAXy
  -0.0000   0.2151   1.0000  -0.0000   0.9062  -0.0000  -0.0000   1.0000
    PMINx      PMINy       PMIN      PMAXx      PMAXy       PMAX
   -0.00000    0.19562    0.00000   -0.00000    0.19562    0.00000
******************************************************************************

     5     4 -0.75023E-06  0.38936E-01 -0.95308E-06  0.27692    
KSTP    TIME ITER   AREA       VOLUME    VISDIS     DVMX   URMS    VRMS    ISET
  22  0.1956    5 0.92664     0.185E-01 0.336E-01  10.235 0.03894 0.27692    0
    XUMAX    YUMAX     UMAX    XVMAX    YVMAX     VMAX   XUVMAX   YUVMAX    UVMAX
   0.3477   0.2678   0.1100  -0.0000   0.1956   1.0000  -0.0000   0.1956   1.0000
    XMINx    XMINy    XMAXx    XMAXy    YMINx    YMINy    YMAXx    YMAXy
  -0.0000   0.2151   1.0000  -0.0000   0.9062  -0.0000  -0.0000   1.0000
    PMINx      PMINy       PMIN      PMAXx      PMAXy       PMAX
   -0.00000    0.19562    0.00000   -0.00000    0.19562    0.00000
Mesh condition: SEGMIN =  0.15437E-01 SHAPEMIN =  1.1404     ANGMIN =  19.167    
    15     1 -0.64841E-07  0.39199E-01 -0.13306E-06  0.27821    
    XMINx    XMINy    XMAXx    XMAXy    YMINx    YMINy    YMAXx    YMAXy
  -0.0000   0.2226   1.0000  -0.0000   0.9062  -0.0000  -0.0000   1.0000
    PMINx      PMINy       PMIN      PMAXx      PMAXy       PMAX
   -0.00000    0.20344    0.00000   -0.00000    0.20344    0.00000
******************************************************************************

     5     5 -0.83141E-06  0.39200E-01 -0.97950E-06  0.27821    
KSTP    TIME ITER   AREA       VOLUME    VISDIS     DVMX   URMS    VRMS    ISET
  23  0.2034    5 0.92371     0.185E-01 0.337E-01  10.574 0.03920 0.27821    0
    XUMAX    YUMAX     UMAX    XVMAX    YVMAX     VMAX   XUVMAX   YUVMAX    UVMAX
   0.3486   0.2709   0.1104  -0.0000   0.2034   1.0000  -0.0000   0.2034   1.0000
    XMINx    XMINy    XMAXx    XMAXy    YMINx    YMINy    YMAXx    YMAXy
  -0.0000   0.2226   1.0000  -0.0000   0.9062  -0.0000  -0.0000   1.0000
    PMINx      PMINy       PMIN      PMAXx      PMAXy       PMAX
   -0.00000    0.20344    0.00000   -0.00000    0.20344    0.00000
Mesh condition: SEGMIN =  0.15429E-01 SHAPEMIN =  1.1242     ANGMIN =  17.526    
    15     2  0.13474E-06  0.39460E-01 -0.22063E-06  0.27951    
    XMINx    XMINy    XMAXx    XMAXy    YMINx    YMINy    YMAXx    YMAXy
  -0.0000   0.2302   1.0000  -0.0000   0.9062  -0.0000  -0.0000   1.0000
    PMINx      PMINy       PMIN      PMAXx      PMAXy       PMAX
   -0.00000    0.21125    0.00000   -0.00000    0.21125    0.00000
******************************************************************************

     5     5 -0.82398E-06  0.39461E-01 -0.97191E-06  0.27951    
KSTP    TIME ITER   AREA       VOLUME    VISDIS     DVMX   URMS    VRMS    ISET
  24  0.2112    5 0.92078     0.184E-01 0.339E-01  10.931 0.03946 0.27951    0
    XUMAX    YUMAX     UMAX    XVMAX    YVMAX     VMAX   XUVMAX   YUVMAX    UVMAX
   0.3495   0.2740   0.1107  -0.0000   0.2112   1.0000  -0.0000   0.2112   1.0000
    XMINx    XMINy    XMAXx    XMAXy    YMINx    YMINy    YMAXx    YMAXy
  -0.0000   0.2302   1.0000  -0.0000   0.9062  -0.0000  -0.0000   1.0000
    PMINx      PMINy       PMIN      PMAXx      PMAXy       PMAX
   -0.00000    0.21125    0.00000   -0.00000    0.21125    0.00000
Mesh condition: SEGMIN =  0.15421E-01 SHAPEMIN =  1.1094     ANGMIN =  15.985    
    15     2  0.13947E-06  0.39718E-01 -0.22750E-06  0.28082    
    XMINx    XMINy    XMAXx    XMAXy    YMINx    YMINy    YMAXx    YMAXy
  -0.0000   0.2377   1.0000  -0.0000   0.9062  -0.0000  -0.0000   1.0000
    PMINx      PMINy       PMIN      PMAXx      PMAXy       PMAX
   -0.00000    0.21906    0.00000   -0.00000    0.21906    0.00000
******************************************************************************

     5     5 -0.72779E-06  0.39719E-01 -0.88079E-06  0.28081    
KSTP    TIME ITER   AREA       VOLUME    VISDIS     DVMX   URMS    VRMS    ISET
  25  0.2191    5 0.91785     0.184E-01 0.340E-01  11.308 0.03972 0.28081    0
    XUMAX    YUMAX     UMAX    XVMAX    YVMAX     VMAX   XUVMAX   YUVMAX    UVMAX
   0.3422   0.2914   0.1110  -0.0000   0.2191   1.0000  -0.0000   0.2191   1.0000
    XMINx    XMINy    XMAXx    XMAXy    YMINx    YMINy    YMAXx    YMAXy
  -0.0000   0.2377   1.0000  -0.0000   0.9062  -0.0000  -0.0000   1.0000
    PMINx      PMINy       PMIN      PMAXx      PMAXy       PMAX
   -0.00000    0.21906    0.00000   -0.00000    0.21906    0.00000
Mesh condition: SEGMIN =  0.15412E-01 SHAPEMIN =  1.0958     ANGMIN =  14.544    
    15     2  0.12853E-06  0.39974E-01 -0.22605E-06  0.28213    
    XMINx    XMINy    XMAXx    XMAXy    YMINx    YMINy    YMAXx    YMAXy
  -0.0000   0.2452   1.0000  -0.0000   0.9062  -0.0000  -0.0000   1.0000
    PMINx      PMINy       PMIN      PMAXx      PMAXy       PMAX
   -0.00000    0.22687    0.00000   -0.00000    0.22687    0.00000
******************************************************************************

     5     5 -0.67178E-06  0.39974E-01  0.88635E-06  0.28213    
KSTP    TIME ITER   AREA       VOLUME    VISDIS     DVMX   URMS    VRMS    ISET
  26  0.2269    5 0.91492     0.183E-01 0.342E-01  11.706 0.03997 0.28213    0
    XUMAX    YUMAX     UMAX    XVMAX    YVMAX     VMAX   XUVMAX   YUVMAX    UVMAX
   0.3431   0.2946   0.1114  -0.0000   0.2269   1.0000  -0.0000   0.2269   1.0000
    XMINx    XMINy    XMAXx    XMAXy    YMINx    YMINy    YMAXx    YMAXy
  -0.0000   0.2452   1.0000  -0.0000   0.9062  -0.0000  -0.0000   1.0000
    PMINx      PMINy       PMIN      PMAXx      PMAXy       PMAX
   -0.00000    0.22687    0.00000   -0.00000    0.22687    0.00000
Mesh condition: SEGMIN =  0.15404E-01 SHAPEMIN =  1.0836     ANGMIN =  13.204    
    15     2  0.14138E-06  0.40227E-01 -0.23923E-06  0.28346    
    XMINx    XMINy    XMAXx    XMAXy    YMINx    YMINy    YMAXx    YMAXy
  -0.0000   0.2528   1.0000  -0.0000   0.9062  -0.0000  -0.0000   1.0000
    PMINx      PMINy       PMIN      PMAXx      PMAXy       PMAX
   -0.00000    0.23469    0.00000   -0.00000    0.23469    0.00000
******************************************************************************

     5     5 -0.67314E-06  0.40227E-01  0.90559E-06  0.28346    
KSTP    TIME ITER   AREA       VOLUME    VISDIS     DVMX   URMS    VRMS    ISET
  27  0.2347    5 0.91199     0.182E-01 0.343E-01  12.126 0.04023 0.28346    0
    XUMAX    YUMAX     UMAX    XVMAX    YVMAX     VMAX   XUVMAX   YUVMAX    UVMAX
   0.3439   0.2978   0.1118  -0.0000   0.2347   1.0000  -0.0000   0.2347   1.0000
    XMINx    XMINy    XMAXx    XMAXy    YMINx    YMINy    YMAXx    YMAXy
  -0.0000   0.2528   1.0000  -0.0000   0.9062  -0.0000  -0.0000   1.0000
    PMINx      PMINy       PMIN      PMAXx      PMAXy       PMAX
   -0.00000    0.23469    0.00000   -0.00000    0.23469    0.00000
Mesh condition: SEGMIN =  0.15398E-01 SHAPEMIN =  1.0759     ANGMIN =  12.350    
    14     2  0.13051E-06  0.40397E-01 -0.25685E-06  0.28436    
    XMINx    XMINy    XMAXx    XMAXy    YMINx    YMINy    YMAXx    YMAXy
  -0.0000   0.2579   1.0000  -0.0000   0.9062  -0.0000  -0.0000   1.0000
    PMINx      PMINy       PMIN      PMAXx      PMAXy       PMAX
   -0.00000    0.24000    0.00000   -0.00000    0.24000    0.00000
******************************************************************************

     4     5 -0.56703E-06  0.40397E-01  0.74136E-06  0.28436    
KSTP    TIME ITER   AREA       VOLUME    VISDIS     DVMX   URMS    VRMS    ISET
  28  0.2400    4 0.91000     0.182E-01 0.344E-01  12.425 0.04040 0.28436    0
    XUMAX    YUMAX     UMAX    XVMAX    YVMAX     VMAX   XUVMAX   YUVMAX    UVMAX
   0.3445   0.2999   0.1120  -0.0000   0.2400   1.0000  -0.0000   0.2400   1.0000
    XMINx    XMINy    XMAXx    XMAXy    YMINx    YMINy    YMAXx    YMAXy
  -0.0000   0.2579   1.0000  -0.0000   0.9062  -0.0000  -0.0000   1.0000
    PMINx      PMINy       PMIN      PMAXx      PMAXy       PMAX
   -0.00000    0.24000    0.00000   -0.00000    0.24000    0.00000
The solution for this step has been written to:                   FD.sols/INn3A0
KSTEP =    28, TIMEL =   0.2400 KEXIT =   100 TEXIT =   0.2400

Job finished on 18/07/26 at 17:26:46

******************************************************************************

